"../../../Engine/Plugins/2D/Paper2D/Content/PlaceholderTextures/DummySpriteTexture.ubulk" 0
"../../../Engine/Plugins/2D/Paper2D/Content/PlaceholderTextures/DummySpriteTexture.uasset" 1
"../../../Engine/Plugins/2D/Paper2D/Content/PlaceholderTextures/DummySpriteTexture.uexp" 2
"../../../Engine/Plugins/2D/Paper2D/Content/DummySprite.uasset" 3
"../../../Engine/Plugins/2D/Paper2D/Content/DummySprite.uexp" 4
"../../../Engine/Plugins/2D/Paper2D/Content/DefaultPaperTerrainMaterial.uasset" 5
"../../../Engine/Plugins/2D/Paper2D/Content/DefaultPaperTerrainMaterial.uexp" 6
"../../../Engine/Content/Animation/DefaultAnimBoneCompressionSettings.uasset" 7
"../../../Engine/Content/Animation/DefaultAnimBoneCompressionSettings.uexp" 8
"../../../Engine/Content/Animation/DefaultAnimCurveCompressionSettings.uasset" 9
"../../../Engine/Content/Animation/DefaultAnimCurveCompressionSettings.uexp" 10
"../../../Engine/Content/Animation/DefaultRecorderBoneCompression.uasset" 11
"../../../Engine/Content/Animation/DefaultRecorderBoneCompression.uexp" 12
"../../../Engine/Content/Animation/DefaultVariableFrameStrippingSettings.uasset" 13
"../../../Engine/Content/Animation/DefaultVariableFrameStrippingSettings.uexp" 14
"../../../Engine/Content/EngineFonts/Faces/DroidSansFallback.uexp" 15
"../../../Engine/Content/EngineFonts/Faces/DroidSansFallback.uasset" 16
"../../../Engine/Content/EngineFonts/Faces/DroidSansFallback.ufont" 17
"../../../Engine/Content/EngineFonts/Faces/RobotoBold.uexp" 18
"../../../Engine/Content/EngineFonts/Faces/RobotoBold.uasset" 19
"../../../Engine/Content/EngineFonts/Faces/RobotoBold.ufont" 20
"../../../Engine/Content/EngineFonts/Faces/RobotoBoldItalic.uexp" 21
"../../../Engine/Content/EngineFonts/Faces/RobotoBoldItalic.uasset" 22
"../../../Engine/Content/EngineFonts/Faces/RobotoBoldItalic.ufont" 23
"../../../Engine/Content/EngineFonts/Faces/RobotoItalic.uexp" 24
"../../../Engine/Content/EngineFonts/Faces/RobotoItalic.uasset" 25
"../../../Engine/Content/EngineFonts/Faces/RobotoItalic.ufont" 26
"../../../Engine/Content/EngineFonts/Faces/RobotoLight.uexp" 27
"../../../Engine/Content/EngineFonts/Faces/RobotoLight.uasset" 28
"../../../Engine/Content/EngineFonts/Faces/RobotoLight.ufont" 29
"../../../Engine/Content/EngineFonts/Faces/RobotoRegular.uexp" 30
"../../../Engine/Content/EngineFonts/Faces/RobotoRegular.uasset" 31
"../../../Engine/Content/EngineFonts/Faces/RobotoRegular.ufont" 32
"../../../Engine/Content/EngineFonts/Roboto.uasset" 33
"../../../Engine/Content/EngineFonts/Roboto.uexp" 34
"../../../Engine/Content/EngineMaterials/DefaultDestructiblePhysicalMaterial.uasset" 35
"../../../Engine/Content/EngineMaterials/DefaultDestructiblePhysicalMaterial.uexp" 36
"../../../Engine/Content/EngineMaterials/DefaultPhysicalMaterial.uasset" 37
"../../../Engine/Content/EngineMaterials/DefaultPhysicalMaterial.uexp" 38
"../../../Engine/Content/EngineSounds/Master.uasset" 39
"../../../Engine/Content/EngineSounds/Master.uexp" 40
"../../../Engine/Content/MobileResources/HUD/VirtualJoystick_Background.uasset" 41
"../../../Engine/Content/MobileResources/HUD/VirtualJoystick_Background.uexp" 42
"../../../Engine/Content/MobileResources/HUD/VirtualJoystick_Thumb.uasset" 43
"../../../Engine/Content/MobileResources/HUD/VirtualJoystick_Thumb.uexp" 44
"../../../Engine/Content/MobileResources/HUD/DefaultVirtualJoysticks.uasset" 45
"../../../Engine/Content/MobileResources/HUD/DefaultVirtualJoysticks.uexp" 46
"../../../Engine/Plugins/NNE/NNEDenoiser/Content/NNEDIM_ColorAlbedoNormal_Alpha.uasset" 47
"../../../Engine/Plugins/NNE/NNEDenoiser/Content/NNEDIM_ColorAlbedoNormal_Alpha.uexp" 48
"../../../Engine/Plugins/NNE/NNEDenoiser/Content/NNEDIM_ColorAlbedoNormal_Default.uasset" 49
"../../../Engine/Plugins/NNE/NNEDenoiser/Content/NNEDIM_ColorAlbedoNormal_Default.uexp" 50
"../../../Engine/Plugins/NNE/NNEDenoiser/Content/NNEDIM_HighQuality_Alpha.uasset" 51
"../../../Engine/Plugins/NNE/NNEDenoiser/Content/NNEDIM_HighQuality_Alpha.uexp" 52
"../../../Engine/Plugins/NNE/NNEDenoiser/Content/NNEDIM_HighQuality_Default.uasset" 53
"../../../Engine/Plugins/NNE/NNEDenoiser/Content/NNEDIM_HighQuality_Default.uexp" 54
"../../../Engine/Plugins/NNE/NNEDenoiser/Content/NNEDOM_Output_Alpha.uasset" 55
"../../../Engine/Plugins/NNE/NNEDenoiser/Content/NNEDOM_Output_Alpha.uexp" 56
"../../../Engine/Plugins/NNE/NNEDenoiser/Content/NNEDOM_Output_Default.uasset" 57
"../../../Engine/Plugins/NNE/NNEDenoiser/Content/NNEDOM_Output_Default.uexp" 58
"../../../Engine/Plugins/NNE/NNEDenoiser/Content/NNEDTIM_ColorAlbedoNormal_Alpha.uasset" 59
"../../../Engine/Plugins/NNE/NNEDenoiser/Content/NNEDTIM_ColorAlbedoNormal_Alpha.uexp" 60
"../../../Engine/Content/EngineMaterials/T_Default_Material_Grid_M.ubulk" 61
"../../../Engine/Content/EngineMaterials/T_Default_Material_Grid_M.uasset" 62
"../../../Engine/Content/EngineMaterials/T_Default_Material_Grid_M.uexp" 63
"../../../Engine/Content/EngineMaterials/T_Default_Material_Grid_N.ubulk" 64
"../../../Engine/Content/EngineMaterials/T_Default_Material_Grid_N.uasset" 65
"../../../Engine/Content/EngineMaterials/T_Default_Material_Grid_N.uexp" 66
"../../../Engine/Content/Functions/Engine_MaterialFunctions01/Opacity/CameraDepthFade.uasset" 67
"../../../Engine/Content/Functions/Engine_MaterialFunctions01/Opacity/CameraDepthFade.uexp" 68
"../../../Engine/Content/EngineMaterials/WorldGridMaterial.uasset" 69
"../../../Engine/Content/EngineMaterials/WorldGridMaterial.uexp" 70
"../../../Engine/Content/BasicShapes/Cube.uasset" 71
"../../../Engine/Content/BasicShapes/Cube.uexp" 72
"../../../Engine/Plugins/NNE/NNEDenoiser/Content/NNEDTIM_ColorAlbedoNormal_Default.uasset" 73
"../../../Engine/Plugins/NNE/NNEDenoiser/Content/NNEDTIM_ColorAlbedoNormal_Default.uexp" 74
"../../../Engine/Plugins/NNE/NNEDenoiser/Content/NNEDTOM_Output_Alpha.uasset" 75
"../../../Engine/Plugins/NNE/NNEDenoiser/Content/NNEDTOM_Output_Alpha.uexp" 76
"../../../Engine/Plugins/NNE/NNEDenoiser/Content/NNEDTOM_Output_Default.uasset" 77
"../../../Engine/Plugins/NNE/NNEDenoiser/Content/NNEDTOM_Output_Default.uexp" 78
"../../../Engine/Plugins/NNE/NNEDenoiser/Content/NNEDT_Oidn2-3_Balanced.uasset" 79
"../../../Engine/Plugins/NNE/NNEDenoiser/Content/NNEDT_Oidn2-3_Balanced.uexp" 80
"../../../Engine/Plugins/NNE/NNEDenoiser/Content/NNEDT_Oidn2-3_Balanced_Alpha.uasset" 81
"../../../Engine/Plugins/NNE/NNEDenoiser/Content/NNEDT_Oidn2-3_Balanced_Alpha.uexp" 82
"../../../Engine/Plugins/NNE/NNEDenoiser/Content/NNED_Oidn2-3_Balanced.uasset" 83
"../../../Engine/Plugins/NNE/NNEDenoiser/Content/NNED_Oidn2-3_Balanced.uexp" 84
"../../../Engine/Plugins/NNE/NNEDenoiser/Content/NNED_Oidn2-3_Balanced_Alpha.uasset" 85
"../../../Engine/Plugins/NNE/NNEDenoiser/Content/NNED_Oidn2-3_Balanced_Alpha.uexp" 86
"../../../Engine/Plugins/NNE/NNEDenoiser/Content/NNED_Oidn2-3_Fast.uasset" 87
"../../../Engine/Plugins/NNE/NNEDenoiser/Content/NNED_Oidn2-3_Fast.uexp" 88
"../../../Engine/Plugins/NNE/NNEDenoiser/Content/NNED_Oidn2-3_Fast_Alpha.uasset" 89
"../../../Engine/Plugins/NNE/NNEDenoiser/Content/NNED_Oidn2-3_Fast_Alpha.uexp" 90
"../../../Engine/Plugins/NNE/NNEDenoiser/Content/NNED_Oidn2-3_HighQuality.uasset" 91
"../../../Engine/Plugins/NNE/NNEDenoiser/Content/NNED_Oidn2-3_HighQuality.uexp" 92
"../../../Engine/Plugins/NNE/NNEDenoiser/Content/NNED_Oidn2-3_HighQuality_Alpha.uasset" 93
"../../../Engine/Plugins/NNE/NNEDenoiser/Content/NNED_Oidn2-3_HighQuality_Alpha.uexp" 94
"../../../Engine/Plugins/NNE/NNEDenoiser/Content/NNE_oidn2-3-0_rt_hdr_alb_nrm_small__dyn__fp16_opset11_DenoiseAlpha.uasset" 95
"../../../Engine/Plugins/NNE/NNEDenoiser/Content/NNE_oidn2-3-0_rt_hdr_alb_nrm_small__dyn__fp16_opset11_DenoiseAlpha.uexp" 96
"../../../Engine/Plugins/NNE/NNEDenoiser/Content/NNE_oidn2-3-0_rt_hdr_alb_nrm_small__dyn__fp16_opset11_ForwardAlpha.uasset" 97
"../../../Engine/Plugins/NNE/NNEDenoiser/Content/NNE_oidn2-3-0_rt_hdr_alb_nrm_small__dyn__fp16_opset11_ForwardAlpha.uexp" 98
"../../../Engine/Plugins/NNE/NNEDenoiser/Content/NNE_oidn2-3-0_rt_hdr_alb_nrm__dyn__fp16_opset11_DenoiseAlpha.uasset" 99
"../../../Engine/Plugins/NNE/NNEDenoiser/Content/NNE_oidn2-3-0_rt_hdr_alb_nrm__dyn__fp16_opset11_DenoiseAlpha.uexp" 100
"../../../Engine/Plugins/NNE/NNEDenoiser/Content/NNE_oidn2-3-0_rt_hdr_alb_nrm__dyn__fp16_opset11_ForwardAlpha.uasset" 101
"../../../Engine/Plugins/NNE/NNEDenoiser/Content/NNE_oidn2-3-0_rt_hdr_alb_nrm__dyn__fp16_opset11_ForwardAlpha.uexp" 102
"../../../Engine/Plugins/NNE/NNEDenoiser/Content/NNE_oidn2-3-0_rt_hdr_calb_cnrm_large__dyn__fp16_opset11_DenoiseAlpha.uasset" 103
"../../../Engine/Plugins/NNE/NNEDenoiser/Content/NNE_oidn2-3-0_rt_hdr_calb_cnrm_large__dyn__fp16_opset11_DenoiseAlpha.uexp" 104
"../../../Engine/Plugins/NNE/NNEDenoiser/Content/NNE_oidn2-3-0_rt_hdr_calb_cnrm_large__dyn__fp16_opset11_ForwardAlpha.uasset" 105
"../../../Engine/Plugins/NNE/NNEDenoiser/Content/NNE_oidn2-3-0_rt_hdr_calb_cnrm_large__dyn__fp16_opset11_ForwardAlpha.uexp" 106
"../../../Engine/Content/EngineMaterials/DefaultMaterial.uasset" 107
"../../../Engine/Content/EngineMaterials/DefaultMaterial.uexp" 108
"../../../Engine/Content/BasicShapes/Cylinder.uasset" 109
"../../../Engine/Content/BasicShapes/Cylinder.uexp" 110
"../../../Engine/Content/BasicShapes/Plane.uasset" 111
"../../../Engine/Content/BasicShapes/Plane.uexp" 112
"../../../Engine/Content/BasicShapes/Sphere.uasset" 113
"../../../Engine/Content/BasicShapes/Sphere.uexp" 114
"../../../Engine/Content/BasicShapes/Cone.uasset" 115
"../../../Engine/Content/BasicShapes/Cone.uexp" 116
"../../../Engine/Content/EditorLandscapeResources/WhiteSquareTexture.uasset" 117
"../../../Engine/Content/EditorLandscapeResources/WhiteSquareTexture.uexp" 118
"../../../Engine/Content/EditorLandscapeResources/LayerVisMaterial.uasset" 119
"../../../Engine/Content/EditorLandscapeResources/LayerVisMaterial.uexp" 120
"../../../Engine/Content/EditorLandscapeResources/DefaultAlphaTexture.uasset" 121
"../../../Engine/Content/EditorLandscapeResources/DefaultAlphaTexture.uexp" 122
"../../../Engine/Content/EditorLandscapeResources/ColorMaskBrushMaterial.uasset" 123
"../../../Engine/Content/EditorLandscapeResources/ColorMaskBrushMaterial.uexp" 124
"../../../Engine/Content/EditorLandscapeResources/ColorMaskBrushMaterial_MaskedRegion.uasset" 125
"../../../Engine/Content/EditorLandscapeResources/ColorMaskBrushMaterial_MaskedRegion.uexp" 126
"../../../Engine/Content/Functions/Engine_MaterialFunctions02/Utility/MakeFloat3.uasset" 127
"../../../Engine/Content/Functions/Engine_MaterialFunctions02/Utility/MakeFloat3.uexp" 128
"../../../Engine/Content/Functions/Engine_MaterialFunctions03/Math/WithinRangeFloat2.uasset" 129
"../../../Engine/Content/Functions/Engine_MaterialFunctions03/Math/WithinRangeFloat2.uexp" 130
"../../../Engine/Content/EditorLandscapeResources/MaskBrushMaterial.uasset" 131
"../../../Engine/Content/EditorLandscapeResources/MaskBrushMaterial.uexp" 132
"../../../Engine/Content/EditorLandscapeResources/MaskBrushMaterial_MaskedRegion.uasset" 133
"../../../Engine/Content/EditorLandscapeResources/MaskBrushMaterial_MaskedRegion.uexp" 134
"../../../Engine/Content/EditorLandscapeResources/SelectBrushMaterial.uasset" 135
"../../../Engine/Content/EditorLandscapeResources/SelectBrushMaterial.uexp" 136
"../../../Engine/Content/EditorLandscapeResources/SelectBrushMaterial_Selected.uasset" 137
"../../../Engine/Content/EditorLandscapeResources/SelectBrushMaterial_Selected.uexp" 138
"../../../Engine/Content/EditorLandscapeResources/SelectBrushMaterial_SelectedRegion.uasset" 139
"../../../Engine/Content/EditorLandscapeResources/SelectBrushMaterial_SelectedRegion.uexp" 140
"../../../Engine/Content/EditorLandscapeResources/SplineEditorMeshMat.uasset" 141
"../../../Engine/Content/EditorLandscapeResources/SplineEditorMeshMat.uexp" 142
"../../../Engine/Content/EditorLandscapeResources/SplineEditorMesh.uasset" 143
"../../../Engine/Content/EditorLandscapeResources/SplineEditorMesh.uexp" 144
"../../../Engine/Content/EditorLandscapeResources/LandscapeDirtyMaterial.uasset" 145
"../../../Engine/Content/EditorLandscapeResources/LandscapeDirtyMaterial.uexp" 146
"../../../Engine/Content/EngineMaterials/DefaultDiffuse.ubulk" 147
"../../../Engine/Content/EngineMaterials/DefaultDiffuse.uasset" 148
"../../../Engine/Content/EngineMaterials/DefaultDiffuse.uexp" 149
"../../../Engine/Content/Functions/Engine_MaterialFunctions01/Texturing/TextureCropping.uasset" 150
"../../../Engine/Content/Functions/Engine_MaterialFunctions01/Texturing/TextureCropping.uexp" 151
"../../../Engine/Content/Functions/Engine_MaterialFunctions02/ExampleContent/DebugNumberStrip.uasset" 152
"../../../Engine/Content/Functions/Engine_MaterialFunctions02/ExampleContent/DebugNumberStrip.uexp" 153
"../../../Engine/Content/Functions/Engine_MaterialFunctions01/Debug/DebugIntValues.uasset" 154
"../../../Engine/Content/Functions/Engine_MaterialFunctions01/Debug/DebugIntValues.uexp" 155
"../../../Engine/Content/Functions/Engine_MaterialFunctions02/Utility/BreakOutFloat2Components.uasset" 156
"../../../Engine/Content/Functions/Engine_MaterialFunctions02/Utility/BreakOutFloat2Components.uexp" 157
"../../../Engine/Content/Functions/Engine_MaterialFunctions01/Texturing/ScaleUVsByCenter.uasset" 158
"../../../Engine/Content/Functions/Engine_MaterialFunctions01/Texturing/ScaleUVsByCenter.uexp" 159
"../../../Engine/Content/Functions/Engine_MaterialFunctions02/WorldPositionOffset/LocalPosition.uasset" 160
"../../../Engine/Content/Functions/Engine_MaterialFunctions02/WorldPositionOffset/LocalPosition.uexp" 161
"../../../Engine/Content/EditorLandscapeResources/LandscapeLayerUsageMaterial.uasset" 162
"../../../Engine/Content/EditorLandscapeResources/LandscapeLayerUsageMaterial.uexp" 163
"../../../Engine/Content/EngineDebugMaterials/M_SimpleUnlitTranslucent.uasset" 164
"../../../Engine/Content/EngineDebugMaterials/M_SimpleUnlitTranslucent.uexp" 165
"../../../Engine/Content/Functions/Engine_MaterialFunctions02/Utility/CameraDirectionVector.uasset" 166
"../../../Engine/Content/Functions/Engine_MaterialFunctions02/Utility/CameraDirectionVector.uexp" 167
"../../../Engine/Content/EngineDebugMaterials/VolumeToRender.uasset" 168
"../../../Engine/Content/EngineDebugMaterials/VolumeToRender.uexp" 169
"../../../Engine/Content/EngineDebugMaterials/M_VolumeRenderSphereTracePP.uasset" 170
"../../../Engine/Content/EngineDebugMaterials/M_VolumeRenderSphereTracePP.uexp" 171
"../../../Engine/Content/EditorResources/BSPVertex.uasset" 172
"../../../Engine/Content/EditorResources/BSPVertex.uexp" 173
"../../../Engine/Content/EngineDamageTypes/DmgTypeBP_Environmental.uasset" 174
"../../../Engine/Content/EngineDamageTypes/DmgTypeBP_Environmental.uexp" 175
"../../../Engine/Content/EditorMaterials/PhAT_NoCollisionMaterial.uasset" 176
"../../../Engine/Content/EditorMaterials/PhAT_NoCollisionMaterial.uexp" 177
"../../../Engine/Content/EditorMaterials/PhAT_UnselectedMaterial.uasset" 178
"../../../Engine/Content/EditorMaterials/PhAT_UnselectedMaterial.uexp" 179
"../../../Engine/Content/EngineMaterials/MiniFont.uasset" 180
"../../../Engine/Content/EngineMaterials/MiniFont.uexp" 181
"../../../Engine/Content/EngineMaterials/InvalidLightmapSettings.ubulk" 182
"../../../Engine/Content/EngineMaterials/InvalidLightmapSettings.uasset" 183
"../../../Engine/Content/EngineMaterials/InvalidLightmapSettings.uexp" 184
"../../../Engine/Content/EngineMaterials/M_InvalidLightmapSettings.uasset" 185
"../../../Engine/Content/EngineMaterials/M_InvalidLightmapSettings.uexp" 186
"../../../Engine/Content/EngineMaterials/NaniteHiddenSectionMaterial.uasset" 187
"../../../Engine/Content/EngineMaterials/NaniteHiddenSectionMaterial.uexp" 188
"../../../Engine/Content/EditorMaterials/PreviewShadowIndicator.ubulk" 189
"../../../Engine/Content/EditorMaterials/PreviewShadowIndicator.uasset" 190
"../../../Engine/Content/EditorMaterials/PreviewShadowIndicator.uexp" 191
"../../../Engine/Content/EditorMaterials/PreviewShadowIndicatorMaterial.uasset" 192
"../../../Engine/Content/EditorMaterials/PreviewShadowIndicatorMaterial.uexp" 193
"../../../Engine/Content/EngineMaterials/DefaultPostProcessMaterial.uasset" 194
"../../../Engine/Content/EngineMaterials/DefaultPostProcessMaterial.uexp" 195
"../../../Engine/Content/EditorResources/S_Solver.ubulk" 196
"../../../Engine/Content/EditorResources/S_Solver.uasset" 197
"../../../Engine/Content/EditorResources/S_Solver.uexp" 198
"../../../Engine/Content/EngineFonts/RobotoDistanceField.uasset" 199
"../../../Engine/Content/EngineFonts/RobotoDistanceField.uexp" 200
"../../../Engine/Content/EngineMaterials/DefaultTextMaterialOpaque.uasset" 201
"../../../Engine/Content/EngineMaterials/DefaultTextMaterialOpaque.uexp" 202
"../../../Engine/Content/EngineMaterials/WeightMapPlaceholderTexture.uasset" 203
"../../../Engine/Content/EngineMaterials/WeightMapPlaceholderTexture.uexp" 204
"../../../Engine/Content/EngineMaterials/WeightMapArrayPlaceholderTexture.uasset" 205
"../../../Engine/Content/EngineMaterials/WeightMapArrayPlaceholderTexture.uexp" 206
"../../../Engine/Content/EditorResources/S_Terrain.ubulk" 207
"../../../Engine/Content/EditorResources/S_Terrain.uasset" 208
"../../../Engine/Content/EditorResources/S_Terrain.uexp" 209
"../../../Engine/Content/Functions/Engine_MaterialFunctions02/WorldPositionOffset/CameraOffset.uasset" 210
"../../../Engine/Content/Functions/Engine_MaterialFunctions02/WorldPositionOffset/CameraOffset.uexp" 211
"../../../Engine/Content/EngineMaterials/PhAT_JointLimitMaterial.uasset" 212
"../../../Engine/Content/EngineMaterials/PhAT_JointLimitMaterial.uexp" 213
"../../../Engine/Content/EngineMaterials/DefaultWhiteGrid.ubulk" 214
"../../../Engine/Content/EngineMaterials/DefaultWhiteGrid.uasset" 215
"../../../Engine/Content/EngineMaterials/DefaultWhiteGrid.uexp" 216
"../../../Engine/Content/EngineResources/WhiteSquareTexture.uasset" 217
"../../../Engine/Content/EngineResources/WhiteSquareTexture.uexp" 218
"../../../Engine/Content/EngineMaterials/Widget3DPassThrough.uasset" 219
"../../../Engine/Content/EngineMaterials/Widget3DPassThrough.uexp" 220
"../../../Engine/Content/EngineMaterials/Widget3DPassThrough_Masked.uasset" 221
"../../../Engine/Content/EngineMaterials/Widget3DPassThrough_Masked.uexp" 222
"../../../Engine/Content/EngineMaterials/DefaultCalibrationColor.uasset" 223
"../../../Engine/Content/EngineMaterials/DefaultCalibrationColor.uexp" 224
"../../../Engine/Content/EngineMaterials/PPM_DefaultCalibrationColor.uasset" 225
"../../../Engine/Content/EngineMaterials/PPM_DefaultCalibrationColor.uexp" 226
"../../../Engine/Content/EditorResources/S_Trigger.ubulk" 227
"../../../Engine/Content/EditorResources/S_Trigger.uasset" 228
"../../../Engine/Content/EditorResources/S_Trigger.uexp" 229
"../../../Engine/Content/EngineDebugMaterials/DebugEditorMaterial.uasset" 230
"../../../Engine/Content/EngineDebugMaterials/DebugEditorMaterial.uexp" 231
"../../../Engine/Content/EngineMaterials/Widget3DPassThrough_Opaque.uasset" 232
"../../../Engine/Content/EngineMaterials/Widget3DPassThrough_Opaque.uexp" 233
"../../../Engine/Content/EngineMaterials/Widget3DPassThrough_Masked_OneSided.uasset" 234
"../../../Engine/Content/EngineMaterials/Widget3DPassThrough_Masked_OneSided.uexp" 235
"../../../Engine/Content/EditorResources/S_Actor.ubulk" 236
"../../../Engine/Content/EditorResources/S_Actor.uasset" 237
"../../../Engine/Content/EditorResources/S_Actor.uexp" 238
"../../../Engine/Content/EngineMaterials/Widget3DPassThrough_Opaque_OneSided.uasset" 239
"../../../Engine/Content/EngineMaterials/Widget3DPassThrough_Opaque_OneSided.uexp" 240
"../../../Engine/Content/EngineDebugMaterials/DebugMeshMaterial.uasset" 241
"../../../Engine/Content/EngineDebugMaterials/DebugMeshMaterial.uexp" 242
"../../../Engine/Content/EditorResources/S_TriggerBox.uasset" 243
"../../../Engine/Content/EditorResources/S_TriggerBox.uexp" 244
"../../../Engine/Content/EngineMaterials/DefaultCalibrationGrayscale.uasset" 245
"../../../Engine/Content/EngineMaterials/DefaultCalibrationGrayscale.uexp" 246
"../../../Engine/Content/EngineMaterials/PPM_DefaultCalibrationGrayscale.uasset" 247
"../../../Engine/Content/EngineMaterials/PPM_DefaultCalibrationGrayscale.uexp" 248
"../../../Engine/Content/EngineMaterials/Widget3DPassThrough_Translucent.uasset" 249
"../../../Engine/Content/EngineMaterials/Widget3DPassThrough_Translucent.uexp" 250
"../../../Engine/Content/EngineMaterials/Widget3DPassThrough_Translucent_OneSided.uasset" 251
"../../../Engine/Content/EngineMaterials/Widget3DPassThrough_Translucent_OneSided.uexp" 252
"../../../Engine/Content/EngineResources/Black.uasset" 253
"../../../Engine/Content/EngineResources/Black.uexp" 254
"../../../Engine/Content/EditorResources/S_TriggerCapsule.uasset" 255
"../../../Engine/Content/EditorResources/S_TriggerCapsule.uexp" 256
"../../../Engine/Content/EngineMaterials/DefaultWhiteGrid_Low.uasset" 257
"../../../Engine/Content/EngineMaterials/DefaultWhiteGrid_Low.uexp" 258
"../../../Engine/Content/EngineMaterials/EmissiveMeshMaterial.uasset" 259
"../../../Engine/Content/EngineMaterials/EmissiveMeshMaterial.uexp" 260
"../../../Engine/Content/EditorResources/S_TriggerSphere.uasset" 261
"../../../Engine/Content/EditorResources/S_TriggerSphere.uexp" 262
"../../../Engine/Content/EditorResources/S_BoxReflectionCapture.uasset" 263
"../../../Engine/Content/EditorResources/S_BoxReflectionCapture.uexp" 264
"../../../Engine/Content/EngineMaterials/PreintegratedSkinBRDF.uasset" 265
"../../../Engine/Content/EngineMaterials/PreintegratedSkinBRDF.uexp" 266
"../../../Engine/Content/EngineMaterials/FastBlueNoise_scalar_128x128x64.uasset" 267
"../../../Engine/Content/EngineMaterials/FastBlueNoise_scalar_128x128x64.uexp" 268
"../../../Engine/Content/EngineMaterials/FastBlueNoise_scalar_128x128x8.uasset" 269
"../../../Engine/Content/EngineMaterials/FastBlueNoise_scalar_128x128x8.uexp" 270
"../../../Engine/Content/EngineMaterials/FastBlueNoise_vec2_128x128x64.uasset" 271
"../../../Engine/Content/EngineMaterials/FastBlueNoise_vec2_128x128x64.uexp" 272
"../../../Engine/Content/Functions/Engine_MaterialFunctions02/Utility/VectorLength.uasset" 273
"../../../Engine/Content/Functions/Engine_MaterialFunctions02/Utility/VectorLength.uexp" 274
"../../../Engine/Content/Functions/Engine_MaterialFunctions02/WorldPositionOffset/ObjectScale.uasset" 275
"../../../Engine/Content/Functions/Engine_MaterialFunctions02/WorldPositionOffset/ObjectScale.uexp" 276
"../../../Engine/Content/Functions/Engine_MaterialFunctions02/Utility/BreakOutFloat3Components.uasset" 277
"../../../Engine/Content/Functions/Engine_MaterialFunctions02/Utility/BreakOutFloat3Components.uexp" 278
"../../../Engine/Plugins/Editor/SpeedTreeImporter/Content/SpeedTree9/Empty.uasset" 279
"../../../Engine/Plugins/Editor/SpeedTreeImporter/Content/SpeedTree9/Empty.uexp" 280
"../../../Engine/Plugins/Editor/SpeedTreeImporter/Content/SpeedTree9/EmptyNormal.uasset" 281
"../../../Engine/Plugins/Editor/SpeedTreeImporter/Content/SpeedTree9/EmptyNormal.uexp" 282
"../../../Engine/Plugins/Editor/SpeedTreeImporter/Content/SpeedTree9/game_wind_noise.ubulk" 283
"../../../Engine/Plugins/Editor/SpeedTreeImporter/Content/SpeedTree9/game_wind_noise.uasset" 284
"../../../Engine/Plugins/Editor/SpeedTreeImporter/Content/SpeedTree9/game_wind_noise.uexp" 285
"../../../Engine/Content/Functions/Engine_MaterialFunctions02/SafeNormalize.uasset" 286
"../../../Engine/Content/Functions/Engine_MaterialFunctions02/SafeNormalize.uexp" 287
"../../../Engine/Plugins/Editor/SpeedTreeImporter/Content/SpeedTree9/SpeedTreeWindMotion.uasset" 288
"../../../Engine/Plugins/Editor/SpeedTreeImporter/Content/SpeedTree9/SpeedTreeWindMotion.uexp" 289
"../../../Engine/Plugins/Editor/SpeedTreeImporter/Content/SpeedTree9/UnpackDirection.uasset" 290
"../../../Engine/Plugins/Editor/SpeedTreeImporter/Content/SpeedTree9/UnpackDirection.uexp" 291
"../../../Engine/Plugins/Editor/SpeedTreeImporter/Content/SpeedTree9/UnpackInteger3.uasset" 292
"../../../Engine/Plugins/Editor/SpeedTreeImporter/Content/SpeedTree9/UnpackInteger3.uexp" 293
"../../../Engine/Plugins/Editor/SpeedTreeImporter/Content/SpeedTree9/SpeedTreeBranchMotion.uasset" 294
"../../../Engine/Plugins/Editor/SpeedTreeImporter/Content/SpeedTree9/SpeedTreeBranchMotion.uexp" 295
"../../../Engine/Content/Functions/Engine_MaterialFunctions02/ObjectLocalBounds.uasset" 296
"../../../Engine/Content/Functions/Engine_MaterialFunctions02/ObjectLocalBounds.uexp" 297
"../../../Engine/Content/Functions/Engine_MaterialFunctions02/UVs/BoundingBoxBased_0-1_UVW.uasset" 298
"../../../Engine/Content/Functions/Engine_MaterialFunctions02/UVs/BoundingBoxBased_0-1_UVW.uexp" 299
"../../../Engine/Plugins/Editor/SpeedTreeImporter/Content/SpeedTree9/SpeedTreeWind.uasset" 300
"../../../Engine/Plugins/Editor/SpeedTreeImporter/Content/SpeedTree9/SpeedTreeWind.uexp" 301
"../../../Engine/Plugins/Editor/SpeedTreeImporter/Content/SpeedTree9/SpeedTreeCameraFacing.uasset" 302
"../../../Engine/Plugins/Editor/SpeedTreeImporter/Content/SpeedTree9/SpeedTreeCameraFacing.uexp" 303
"../../../Engine/Plugins/Editor/SpeedTreeImporter/Content/SpeedTree9/SpeedTreeMaster.uasset" 304
"../../../Engine/Plugins/Editor/SpeedTreeImporter/Content/SpeedTree9/SpeedTreeMaster.uexp" 305
"../../../Engine/Content/EngineMaterials/RemoveSurfaceMaterial.uasset" 306
"../../../Engine/Content/EngineMaterials/RemoveSurfaceMaterial.uexp" 307
"../../../Engine/Content/EngineMaterials/BaseFlattenDiffuseMap.uasset" 308
"../../../Engine/Content/EngineMaterials/BaseFlattenDiffuseMap.uexp" 309
"../../../Engine/Content/EngineMaterials/BaseFlattenEmissiveMap.uasset" 310
"../../../Engine/Content/EngineMaterials/BaseFlattenEmissiveMap.uexp" 311
"../../../Engine/Content/EngineMaterials/BaseFlattenGrayscaleMap.uasset" 312
"../../../Engine/Content/EngineMaterials/BaseFlattenGrayscaleMap.uexp" 313
"../../../Engine/Content/EngineMaterials/BaseFlattenLinearColor.uasset" 314
"../../../Engine/Content/EngineMaterials/BaseFlattenLinearColor.uexp" 315
"../../../Engine/Content/EngineMaterials/BaseFlattenNormalMap.uasset" 316
"../../../Engine/Content/EngineMaterials/BaseFlattenNormalMap.uexp" 317
"../../../Engine/Content/Functions/Engine_MaterialFunctions02/PivotPainter2/Black_1x1_EXR_Texture.uasset" 318
"../../../Engine/Content/Functions/Engine_MaterialFunctions02/PivotPainter2/Black_1x1_EXR_Texture.uexp" 319
"../../../Engine/Content/EngineMaterials/FlattenMaterial.uasset" 320
"../../../Engine/Content/EngineMaterials/FlattenMaterial.uexp" 321
"../../../Engine/Content/EngineMaterials/DefaultBloomKernel.uasset" 322
"../../../Engine/Content/EngineMaterials/DefaultBloomKernel.uexp" 323
"../../../Engine/Content/EngineMaterials/BaseFlattenDiffuseMap_VT.uasset" 324
"../../../Engine/Content/EngineMaterials/BaseFlattenDiffuseMap_VT.uexp" 325
"../../../Engine/Content/EngineMaterials/BaseFlattenEmissiveMap_VT.uasset" 326
"../../../Engine/Content/EngineMaterials/BaseFlattenEmissiveMap_VT.uexp" 327
"../../../Engine/Content/EngineMaterials/BaseFlattenGrayscaleMap_VT.uasset" 328
"../../../Engine/Content/EngineMaterials/BaseFlattenGrayscaleMap_VT.uexp" 329
"../../../Engine/Content/EngineMaterials/BaseFlattenLinearColor_VT.uasset" 330
"../../../Engine/Content/EngineMaterials/BaseFlattenLinearColor_VT.uexp" 331
"../../../Engine/Content/EngineMaterials/BaseFlattenNormalMap_VT.uasset" 332
"../../../Engine/Content/EngineMaterials/BaseFlattenNormalMap_VT.uexp" 333
"../../../Engine/Content/EngineMaterials/Black_1x1_EXR_Texture_VT.uasset" 334
"../../../Engine/Content/EngineMaterials/Black_1x1_EXR_Texture_VT.uexp" 335
"../../../Engine/Content/EngineMaterials/FlattenMaterial_VT.uasset" 336
"../../../Engine/Content/EngineMaterials/FlattenMaterial_VT.uexp" 337
"../../../Engine/Content/EngineMaterials/SMAAAreaTex.uasset" 338
"../../../Engine/Content/EngineMaterials/SMAAAreaTex.uexp" 339
"../../../Engine/Content/EngineMaterials/DefaultBokeh.uasset" 340
"../../../Engine/Content/EngineMaterials/DefaultBokeh.uexp" 341
"../../../Engine/Content/EngineResources/DefaultTexture.ubulk" 342
"../../../Engine/Content/EngineResources/DefaultTexture.uasset" 343
"../../../Engine/Content/EngineResources/DefaultTexture.uexp" 344
"../../../Engine/Content/EngineMaterials/FlattenMaterial_WS_Normal_VT.uasset" 345
"../../../Engine/Content/EngineMaterials/FlattenMaterial_WS_Normal_VT.uexp" 346
"../../../Engine/Content/EngineMaterials/SMAASearchTex.uasset" 347
"../../../Engine/Content/EngineMaterials/SMAASearchTex.uexp" 348
"../../../Engine/Content/EngineResources/DefaultTextureCube.uasset" 349
"../../../Engine/Content/EngineResources/DefaultTextureCube.uexp" 350
"../../../Engine/Content/EngineMaterials/GizmoMaterial.uasset" 351
"../../../Engine/Content/EngineMaterials/GizmoMaterial.uexp" 352
"../../../Engine/Content/EngineMaterials/Good64x64TilingNoiseHighFreq.uasset" 353
"../../../Engine/Content/EngineMaterials/Good64x64TilingNoiseHighFreq.uexp" 354
"../../../Engine/Content/EngineResources/DefaultVolumeTexture2D.uasset" 355
"../../../Engine/Content/EngineResources/DefaultVolumeTexture2D.uexp" 356
"../../../Engine/Content/EngineResources/DefaultVolumeTexture.uasset" 357
"../../../Engine/Content/EngineResources/DefaultVolumeTexture.uexp" 358
"../../../Engine/Content/EngineMaterials/DefaultDeferredDecalMaterial.uasset" 359
"../../../Engine/Content/EngineMaterials/DefaultDeferredDecalMaterial.uexp" 360
"../../../Engine/Content/EngineMeshes/Sphere.uasset" 361
"../../../Engine/Content/EngineMeshes/Sphere.uexp" 362
"../../../Engine/Content/EngineResources/GradientTexture0.uasset" 363
"../../../Engine/Content/EngineResources/GradientTexture0.uexp" 364
"../../../Engine/Content/EngineMaterials/DefaultLightFunctionMaterial.uasset" 365
"../../../Engine/Content/EngineMaterials/DefaultLightFunctionMaterial.uexp" 366
"../../../Engine/Content/EngineResources/LandscapeVisibilityLayerInfo.uasset" 367
"../../../Engine/Content/EngineResources/LandscapeVisibilityLayerInfo.uexp" 368
"../../../Engine/Content/EditorMaterials/ParticleSystems/PSysThumbnail_NoImage.ubulk" 369
"../../../Engine/Content/EditorMaterials/ParticleSystems/PSysThumbnail_NoImage.uasset" 370
"../../../Engine/Content/EditorMaterials/ParticleSystems/PSysThumbnail_NoImage.uexp" 371
"../../../Engine/Content/EditorMaterials/ParticleSystems/PSysThumbnail_OOD.ubulk" 372
"../../../Engine/Content/EditorMaterials/ParticleSystems/PSysThumbnail_OOD.uasset" 373
"../../../Engine/Content/EditorMaterials/ParticleSystems/PSysThumbnail_OOD.uexp" 374
"../../../Engine/Content/Functions/Engine_MaterialFunctions02/SplitComponents.uasset" 375
"../../../Engine/Content/Functions/Engine_MaterialFunctions02/SplitComponents.uexp" 376
"../../../Engine/Content/Functions/Engine_MaterialFunctions02/Math/Transform3x3Matrix.uasset" 377
"../../../Engine/Content/Functions/Engine_MaterialFunctions02/Math/Transform3x3Matrix.uexp" 378
"../../../Engine/Content/VREditor/SnapGrid/SnapGridMaterial.uasset" 379
"../../../Engine/Content/VREditor/SnapGrid/SnapGridMaterial.uexp" 380
"../../../Engine/Content/VREditor/SnapGrid/SnapGridPlaneMesh.uasset" 381
"../../../Engine/Content/VREditor/SnapGrid/SnapGridPlaneMesh.uexp" 382
"../../../Engine/Content/VREditor/LaserPointer/VR_LaserPower_01.ubulk" 383
"../../../Engine/Content/VREditor/LaserPointer/VR_LaserPower_01.uasset" 384
"../../../Engine/Content/VREditor/LaserPointer/VR_LaserPower_01.uexp" 385
"../../../Engine/Content/VREditor/TransformGizmo/TransformGizmoMaterial.uasset" 386
"../../../Engine/Content/VREditor/TransformGizmo/TransformGizmoMaterial.uexp" 387
"../../../Engine/Content/VREditor/TransformGizmo/TranslucentTransformGizmoMaterial.uasset" 388
"../../../Engine/Content/VREditor/TransformGizmo/TranslucentTransformGizmoMaterial.uexp" 389
"../../../Engine/Content/VREditor/TransformGizmo/PlaneTranslationHandle.uasset" 390
"../../../Engine/Content/VREditor/TransformGizmo/PlaneTranslationHandle.uexp" 391
"../../../Engine/Content/VREditor/TransformGizmo/RotationHandleFull.uasset" 392
"../../../Engine/Content/VREditor/TransformGizmo/RotationHandleFull.uexp" 393
"../../../Engine/Content/VREditor/TransformGizmo/RotationHandleIndicator.uasset" 394
"../../../Engine/Content/VREditor/TransformGizmo/RotationHandleIndicator.uexp" 395
"../../../Engine/Content/VREditor/TransformGizmo/RotationHandleQuarter.uasset" 396
"../../../Engine/Content/VREditor/TransformGizmo/RotationHandleQuarter.uexp" 397
"../../../Engine/Content/VREditor/TransformGizmo/StartRotationHandleIndicator.uasset" 398
"../../../Engine/Content/VREditor/TransformGizmo/StartRotationHandleIndicator.uexp" 399
"../../../Engine/Content/VREditor/TransformGizmo/TranslucentTransformGizmoMaterial_Inst.uasset" 400
"../../../Engine/Content/VREditor/TransformGizmo/TranslucentTransformGizmoMaterial_Inst.uexp" 401
"../../../Engine/Content/VREditor/TransformGizmo/TransformGizmoFreeRotation.uasset" 402
"../../../Engine/Content/VREditor/TransformGizmo/TransformGizmoFreeRotation.uexp" 403
"../../../Engine/Content/VREditor/TransformGizmo/TransformGizmoMaterial_Inst.uasset" 404
"../../../Engine/Content/VREditor/TransformGizmo/TransformGizmoMaterial_Inst.uexp" 405
"../../../Engine/Content/VREditor/TransformGizmo/TranslateArrowHandle.uasset" 406
"../../../Engine/Content/VREditor/TransformGizmo/TranslateArrowHandle.uexp" 407
"../../../Engine/Content/VREditor/TransformGizmo/UniformScaleHandle.uasset" 408
"../../../Engine/Content/VREditor/TransformGizmo/UniformScaleHandle.uexp" 409
"../../../Engine/Content/VREditor/Sounds/UI/Drop_Item_From_ContentBrowser.ubulk" 410
"../../../Engine/Content/VREditor/Sounds/UI/Drop_Item_From_ContentBrowser.uasset" 411
"../../../Engine/Content/VREditor/Sounds/UI/Drop_Item_From_ContentBrowser.uexp" 412
"../../../Engine/Content/VREditor/Sounds/UI/Gizmo_Handle_Clicked.ubulk" 413
"../../../Engine/Content/VREditor/Sounds/UI/Gizmo_Handle_Clicked.uasset" 414
"../../../Engine/Content/VREditor/Sounds/UI/Gizmo_Handle_Clicked.uexp" 415
"../../../Engine/Content/VREditor/Sounds/UI/Object_PickUp.ubulk" 416
"../../../Engine/Content/VREditor/Sounds/UI/Object_PickUp.uasset" 417
"../../../Engine/Content/VREditor/Sounds/UI/Object_PickUp.uexp" 418
"../../../Engine/Content/VREditor/Sounds/UI/Object_Snaps_To_Another_Actor.ubulk" 419
"../../../Engine/Content/VREditor/Sounds/UI/Object_Snaps_To_Another_Actor.uasset" 420
"../../../Engine/Content/VREditor/Sounds/UI/Object_Snaps_To_Another_Actor.uexp" 421
"../../../Engine/Content/VREditor/Sounds/UI/Object_Snaps_To_Grid.ubulk" 422
"../../../Engine/Content/VREditor/Sounds/UI/Object_Snaps_To_Grid.uasset" 423
"../../../Engine/Content/VREditor/Sounds/UI/Object_Snaps_To_Grid.uexp" 424
"../../../Engine/Content/VREditor/Sounds/UI/Scaling_Down.ubulk" 425
"../../../Engine/Content/VREditor/Sounds/UI/Scaling_Down.uasset" 426
"../../../Engine/Content/VREditor/Sounds/UI/Scaling_Down.uexp" 427
"../../../Engine/Content/VREditor/Sounds/UI/Scaling_Up.ubulk" 428
"../../../Engine/Content/VREditor/Sounds/UI/Scaling_Up.uasset" 429
"../../../Engine/Content/VREditor/Sounds/UI/Scaling_Up.uexp" 430
"../../../Engine/Content/VREditor/Sounds/UI/Selection_Changes.ubulk" 431
"../../../Engine/Content/VREditor/Sounds/UI/Selection_Changes.uasset" 432
"../../../Engine/Content/VREditor/Sounds/UI/Selection_Changes.uexp" 433
"../../../Engine/Content/EditorResources/SequenceRecorder/Countdown.uasset" 434
"../../../Engine/Content/EditorResources/SequenceRecorder/Countdown.uexp" 435
"../../../Engine/Content/EditorResources/SequenceRecorder/RecordingIndicator.uasset" 436
"../../../Engine/Content/EditorResources/SequenceRecorder/RecordingIndicator.uexp" 437
"../../../Engine/Plugins/Runtime/AudioWidgets/Content/Resources/ScrubHandleDown_Clamped.uasset" 438
"../../../Engine/Plugins/Runtime/AudioWidgets/Content/Resources/ScrubHandleDown_Clamped.uexp" 439
"../../../Engine/Plugins/Editor/SpeedTreeImporter/Content/SpeedTree9/SpeedTreeBillboard.uasset" 440
"../../../Engine/Plugins/Editor/SpeedTreeImporter/Content/SpeedTree9/SpeedTreeBillboard.uexp" 441
"../../../Engine/Plugins/Editor/SpeedTreeImporter/Content/SpeedTree9/SpeedTreeBillboardMaster.uasset" 442
"../../../Engine/Plugins/Editor/SpeedTreeImporter/Content/SpeedTree9/SpeedTreeBillboardMaster.uexp" 443
"../../../Engine/Content/EngineMaterials/EnergyConservation/SheenLegacy_Energy.uasset" 444
"../../../Engine/Content/EngineMaterials/EnergyConservation/SheenLegacy_Energy.uexp" 445
"../../../Engine/Content/EditorMaterials/Camera/CineMat.uasset" 446
"../../../Engine/Content/EditorMaterials/Camera/CineMat.uexp" 447
"../../../Engine/Content/EditorMaterials/Camera/MI_CineMat_Rig.uasset" 448
"../../../Engine/Content/EditorMaterials/Camera/MI_CineMat_Rig.uexp" 449
"../../../Engine/Content/EditorMeshes/Camera/SM_CraneRig_Arm.uasset" 450
"../../../Engine/Content/EditorMeshes/Camera/SM_CraneRig_Arm.uexp" 451
"../../../Engine/Content/EditorMeshes/Camera/SM_CraneRig_Base.uasset" 452
"../../../Engine/Content/EditorMeshes/Camera/SM_CraneRig_Base.uexp" 453
"../../../Engine/Content/EngineMaterials/EnergyConservation/Sheen_Energy.uasset" 454
"../../../Engine/Content/EngineMaterials/EnergyConservation/Sheen_Energy.uexp" 455
"../../../Engine/Content/EngineMaterials/LTC/GGX_LTCAmp.uasset" 456
"../../../Engine/Content/EngineMaterials/LTC/GGX_LTCAmp.uexp" 457
"../../../Engine/Content/EditorMeshes/Camera/SM_CraneRig_Body.uasset" 458
"../../../Engine/Content/EditorMeshes/Camera/SM_CraneRig_Body.uexp" 459
"../../../Engine/Content/EditorMeshes/Camera/SM_CraneRig_Mount.uasset" 460
"../../../Engine/Content/EditorMeshes/Camera/SM_CraneRig_Mount.uexp" 461
"../../../Engine/Content/EditorMeshes/Camera/SM_RailRig_Mount.uasset" 462
"../../../Engine/Content/EditorMeshes/Camera/SM_RailRig_Mount.uexp" 463
"../../../Engine/Content/EngineMaterials/LTC/GGX_LTCMat.uasset" 464
"../../../Engine/Content/EngineMaterials/LTC/GGX_LTCMat.uexp" 465
"../../../Engine/Content/EditorMeshes/Camera/SM_RailRig_Track.uasset" 466
"../../../Engine/Content/EditorMeshes/Camera/SM_RailRig_Track.uexp" 467
"../../../Engine/Content/EngineMaterials/LTC/Sheen_LTC.uasset" 468
"../../../Engine/Content/EngineMaterials/LTC/Sheen_LTC.uexp" 469
"../../../Engine/Content/EngineMaterials/EnergyConservation/Diffuse_Energy.uasset" 470
"../../../Engine/Content/EngineMaterials/EnergyConservation/Diffuse_Energy.uexp" 471
"../../../Engine/Content/EngineMaterials/EnergyConservation/GGX_ReflectionEnergy.uasset" 472
"../../../Engine/Content/EngineMaterials/EnergyConservation/GGX_ReflectionEnergy.uexp" 473
"../../../Engine/Content/EngineMaterials/EnergyConservation/GGX_TransmissionEnergyArray.uasset" 474
"../../../Engine/Content/EngineMaterials/EnergyConservation/GGX_TransmissionEnergyArray.uexp" 475
"../../../Engine/Content/EngineResources/Development/ZenLogo_64.uasset" 476
"../../../Engine/Content/EngineResources/Development/ZenLogo_64.uexp" 477
"C:/Users/RNaim/Documents/Unreal Projects/Novel/Content/Novel/Blueprint/WBP_SaveSlotEntry.uasset" 478
"C:/Users/RNaim/Documents/Unreal Projects/Novel/Content/Novel/Blueprint/WBP_SaveSlotEntry.uexp" 479
"C:/Users/RNaim/Documents/Unreal Projects/Novel/Content/Novel/Blueprint/WBP_SaveLoadScreen.uasset" 480
"C:/Users/RNaim/Documents/Unreal Projects/Novel/Content/Novel/Blueprint/WBP_SaveLoadScreen.uexp" 481
"../../../Engine/Content/EngineResources/FilmGrains/Marcie_Grain_v3_128_M2_000.uasset" 482
"../../../Engine/Content/EngineResources/FilmGrains/Marcie_Grain_v3_128_M2_000.uexp" 483
"C:/Users/RNaim/Documents/Unreal Projects/Novel/Content/Novel/Blueprint/WBP_SettingsScreen.uasset" 484
"C:/Users/RNaim/Documents/Unreal Projects/Novel/Content/Novel/Blueprint/WBP_SettingsScreen.uexp" 485
"../../../Engine/Content/VREditor/TransformGizmo/BoundingBoxCorner.uasset" 486
"../../../Engine/Content/VREditor/TransformGizmo/BoundingBoxCorner.uexp" 487
"C:/Users/RNaim/Documents/Unreal Projects/Novel/Content/Novel/Blueprint/WBP_TitleScreen.uasset" 488
"C:/Users/RNaim/Documents/Unreal Projects/Novel/Content/Novel/Blueprint/WBP_TitleScreen.uexp" 489
"C:/Users/RNaim/Documents/Unreal Projects/Novel/Content/Novel/Data/Chapter/DA_Branch0.uasset" 490
"C:/Users/RNaim/Documents/Unreal Projects/Novel/Content/Novel/Data/Chapter/DA_Branch0.uexp" 491
"C:/Users/RNaim/Documents/Unreal Projects/Novel/Content/Novel/Data/Chapter/DT_Chapter0.uasset" 492
"C:/Users/RNaim/Documents/Unreal Projects/Novel/Content/Novel/Data/Chapter/DT_Chapter0.uexp" 493
"../../../Engine/Content/VREditor/TransformGizmo/BoundingBoxEdge.uasset" 494
"../../../Engine/Content/VREditor/TransformGizmo/BoundingBoxEdge.uexp" 495
"C:/Users/RNaim/Documents/Unreal Projects/Novel/Content/Novel/Blueprint/BP_NovelGameMode.uasset" 496
"C:/Users/RNaim/Documents/Unreal Projects/Novel/Content/Novel/Blueprint/BP_NovelGameMode.uexp" 497
"C:/Users/RNaim/Documents/Unreal Projects/Novel/Content/Novel/Blueprint/SCM_Global.uasset" 498
"C:/Users/RNaim/Documents/Unreal Projects/Novel/Content/Novel/Blueprint/SCM_Global.uexp" 499
"C:/Users/RNaim/Documents/Unreal Projects/Novel/Content/Novel/Blueprint/WBP_DialogueScreen.uasset" 500
"C:/Users/RNaim/Documents/Unreal Projects/Novel/Content/Novel/Blueprint/WBP_DialogueScreen.uexp" 501
"../../../Engine/Content/EngineMaterials/Substrate/GLints/AGlintTex2dArray.uasset" 502
"../../../Engine/Content/EngineMaterials/Substrate/GLints/AGlintTex2dArray.uexp" 503
"C:/Users/RNaim/Documents/Unreal Projects/Novel/Content/Novel/Blueprint/WBP_LoadingScreen.uasset" 504
"C:/Users/RNaim/Documents/Unreal Projects/Novel/Content/Novel/Blueprint/WBP_LoadingScreen.uexp" 505
"C:/Users/RNaim/Documents/Unreal Projects/Novel/Content/Novel/Blueprint/WBP_Option.uasset" 506
"C:/Users/RNaim/Documents/Unreal Projects/Novel/Content/Novel/Blueprint/WBP_Option.uexp" 507
"C:/Users/RNaim/Documents/Unreal Projects/Novel/Content/Novel/Blueprint/WBP_RootScreen.uasset" 508
"C:/Users/RNaim/Documents/Unreal Projects/Novel/Content/Novel/Blueprint/WBP_RootScreen.uexp" 509
"../../../Engine/Content/ArtTools/RenderToTexture/Meshes/S_1_Unit_Plane.uasset" 510
"../../../Engine/Content/ArtTools/RenderToTexture/Meshes/S_1_Unit_Plane.uexp" 511
"../../../Engine/Content/EngineMaterials/Substrate/Glints2/AGlintTex2dArray2.uasset" 512
"../../../Engine/Content/EngineMaterials/Substrate/Glints2/AGlintTex2dArray2.uexp" 513
"../../../Engine/Content/Functions/Engine_MaterialFunctions01/Shading/ConvertFromDiffSpec.uasset" 514
"../../../Engine/Content/Functions/Engine_MaterialFunctions01/Shading/ConvertFromDiffSpec.uexp" 515
"../../../Engine/Content/Functions/Engine_MaterialFunctions01/Shading/PowerToRoughness.uasset" 516
"../../../Engine/Content/Functions/Engine_MaterialFunctions01/Shading/PowerToRoughness.uexp" 517
"../../../Engine/Content/EngineMaterials/Substrate/Volume/SubstrateSimpleVolumeEnvLUT3D.uasset" 518
"../../../Engine/Content/EngineMaterials/Substrate/Volume/SubstrateSimpleVolumeEnvLUT3D.uexp" 519
"../../../Engine/Content/EngineMaterials/Substrate/Volume/SubstrateSimpleVolumeLUT3D.uasset" 520
"../../../Engine/Content/EngineMaterials/Substrate/Volume/SubstrateSimpleVolumeLUT3D.uexp" 521
"C:/Users/RNaim/Documents/Unreal Projects/Novel/Content/Novel/Asset/Texture/Character/Morpheus/T_Morpheus_Question.uasset" 522
"C:/Users/RNaim/Documents/Unreal Projects/Novel/Content/Novel/Asset/Texture/Character/Morpheus/T_Morpheus_Question.uexp" 523
"C:/Users/RNaim/Documents/Unreal Projects/Novel/Content/Novel/Asset/Texture/Character/Morpheus/T_Morpheus_Smile.uasset" 524
"C:/Users/RNaim/Documents/Unreal Projects/Novel/Content/Novel/Asset/Texture/Character/Morpheus/T_Morpheus_Smile.uexp" 525
"C:/Users/RNaim/Documents/Unreal Projects/Novel/Content/Novel/Asset/Texture/Character/Morpheus/T_Morpheus_Unlike.uasset" 526
"C:/Users/RNaim/Documents/Unreal Projects/Novel/Content/Novel/Asset/Texture/Character/Morpheus/T_Morpheus_Unlike.uexp" 527
"C:/Users/RNaim/Documents/Unreal Projects/Novel/Content/Novel/Asset/SFX/videoplayback.ubulk" 528
"C:/Users/RNaim/Documents/Unreal Projects/Novel/Content/Novel/Asset/SFX/videoplayback.uasset" 529
"C:/Users/RNaim/Documents/Unreal Projects/Novel/Content/Novel/Asset/SFX/videoplayback.uexp" 530
"C:/Users/RNaim/Documents/Unreal Projects/Novel/Content/Novel/Data/Character/DA_Morpheus.uasset" 531
"C:/Users/RNaim/Documents/Unreal Projects/Novel/Content/Novel/Data/Character/DA_Morpheus.uexp" 532
"C:/Users/RNaim/Documents/Unreal Projects/Novel/Content/Novel/Asset/Texture/Background/Bg_Day_City.uasset" 533
"C:/Users/RNaim/Documents/Unreal Projects/Novel/Content/Novel/Asset/Texture/Background/Bg_Day_City.uexp" 534
"C:/Users/RNaim/Documents/Unreal Projects/Novel/Content/Novel/Asset/Texture/Background/Bg_Day_Country.uasset" 535
"C:/Users/RNaim/Documents/Unreal Projects/Novel/Content/Novel/Asset/Texture/Background/Bg_Day_Country.uexp" 536
"C:/Users/RNaim/Documents/Unreal Projects/Novel/Content/Novel/Asset/Texture/Background/Bg_Night_Country.uasset" 537
"C:/Users/RNaim/Documents/Unreal Projects/Novel/Content/Novel/Asset/Texture/Background/Bg_Night_Country.uexp" 538
"C:/Users/RNaim/Documents/Unreal Projects/Novel/Content/Novel/Asset/Texture/Character/Morpheus/Fox_Neutral.uasset" 539
"C:/Users/RNaim/Documents/Unreal Projects/Novel/Content/Novel/Asset/Texture/Character/Morpheus/Fox_Neutral.uexp" 540
"C:/Users/RNaim/Documents/Unreal Projects/Novel/Content/Novel/Asset/Texture/Character/Morpheus/T_Morpheus_Cool.uasset" 541
"C:/Users/RNaim/Documents/Unreal Projects/Novel/Content/Novel/Asset/Texture/Character/Morpheus/T_Morpheus_Cool.uexp" 542
"C:/Users/RNaim/Documents/Unreal Projects/Novel/Content/Novel/Asset/Texture/Character/Morpheus/T_Morpheus_Glad.uasset" 543
"C:/Users/RNaim/Documents/Unreal Projects/Novel/Content/Novel/Asset/Texture/Character/Morpheus/T_Morpheus_Glad.uexp" 544
"C:/Users/RNaim/Documents/Unreal Projects/Novel/Content/Novel/Asset/Texture/Character/Morpheus/T_Morpheus_Laugh.uasset" 545
"C:/Users/RNaim/Documents/Unreal Projects/Novel/Content/Novel/Asset/Texture/Character/Morpheus/T_Morpheus_Laugh.uexp" 546
"../../../Engine/Plugins/2D/Paper2D/Content/DefaultSpriteMaterial.uasset" 547
"../../../Engine/Plugins/2D/Paper2D/Content/DefaultSpriteMaterial.uexp" 548
"../../../Engine/Plugins/2D/Paper2D/Content/MaskedUnlitSpriteMaterial.uasset" 549
"../../../Engine/Plugins/2D/Paper2D/Content/MaskedUnlitSpriteMaterial.uexp" 550
"../../../Engine/Plugins/2D/Paper2D/Content/OpaqueUnlitSpriteMaterial.uasset" 551
"../../../Engine/Plugins/2D/Paper2D/Content/OpaqueUnlitSpriteMaterial.uexp" 552
"../../../Engine/Content/Maps/Entry_BuiltData.uasset" 553
"../../../Engine/Content/Maps/Entry_BuiltData.uexp" 554
"../../../Engine/Content/Maps/Entry.uexp" 555
"../../../Engine/Content/Maps/Entry.umap" 556
"C:/Users/RNaim/Documents/Unreal Projects/Novel/Content/Novel/Asset/Level/Lvl_Main.uexp" 557
"C:/Users/RNaim/Documents/Unreal Projects/Novel/Content/Novel/Asset/Level/Lvl_Main.umap" 558
